<?xml version="1.0" encoding="UTF-8"?>
<testsuite name="com.oj.videostreamingdemo.VideoStreamingDemoApplicationTests" tests="1" skipped="0" failures="0" errors="0" timestamp="2023-04-01T09:13:03" hostname="gim-onjiui-noteubug.local" time="0.111">
  <properties/>
  <testcase name="contextLoads()" classname="com.oj.videostreamingdemo.VideoStreamingDemoApplicationTests" time="0.111"/>
  <system-out><![CDATA[18:13:01.695 [Test worker] DEBUG org.springframework.test.context.BootstrapUtils - Instantiating CacheAwareContextLoaderDelegate from class [org.springframework.test.context.cache.DefaultCacheAwareContextLoaderDelegate]
18:13:01.699 [Test worker] DEBUG org.springframework.test.context.BootstrapUtils - Instantiating BootstrapContext using constructor [public org.springframework.test.context.support.DefaultBootstrapContext(java.lang.Class,org.springframework.test.context.CacheAwareContextLoaderDelegate)]
18:13:01.712 [Test worker] DEBUG org.springframework.test.context.BootstrapUtils - Instantiating TestContextBootstrapper for test class [com.oj.videostreamingdemo.VideoStreamingDemoApplicationTests] from class [org.springframework.boot.test.context.SpringBootTestContextBootstrapper]
18:13:01.716 [Test worker] INFO org.springframework.boot.test.context.SpringBootTestContextBootstrapper - Neither @ContextConfiguration nor @ContextHierarchy found for test class [com.oj.videostreamingdemo.VideoStreamingDemoApplicationTests], using SpringBootContextLoader
18:13:01.718 [Test worker] DEBUG org.springframework.test.context.support.AbstractContextLoader - Did not detect default resource location for test class [com.oj.videostreamingdemo.VideoStreamingDemoApplicationTests]: class path resource [com/oj/videostreamingdemo/VideoStreamingDemoApplicationTests-context.xml] does not exist
18:13:01.718 [Test worker] DEBUG org.springframework.test.context.support.AbstractContextLoader - Did not detect default resource location for test class [com.oj.videostreamingdemo.VideoStreamingDemoApplicationTests]: class path resource [com/oj/videostreamingdemo/VideoStreamingDemoApplicationTestsContext.groovy] does not exist
18:13:01.718 [Test worker] INFO org.springframework.test.context.support.AbstractContextLoader - Could not detect default resource locations for test class [com.oj.videostreamingdemo.VideoStreamingDemoApplicationTests]: no resource found for suffixes {-context.xml, Context.groovy}.
18:13:01.718 [Test worker] INFO org.springframework.test.context.support.AnnotationConfigContextLoaderUtils - Could not detect default configuration classes for test class [com.oj.videostreamingdemo.VideoStreamingDemoApplicationTests]: VideoStreamingDemoApplicationTests does not declare any static, non-private, non-final, nested classes annotated with @Configuration.
18:13:01.734 [Test worker] DEBUG org.springframework.test.context.support.ActiveProfilesUtils - Could not find an 'annotation declaring class' for annotation type [org.springframework.test.context.ActiveProfiles] and class [com.oj.videostreamingdemo.VideoStreamingDemoApplicationTests]
18:13:01.758 [Test worker] DEBUG org.springframework.context.annotation.ClassPathScanningCandidateComponentProvider - Identified candidate component class: file [/Users/kim-onji/IdeaProjects/video-streaming-demo/build/classes/java/main/com/oj/videostreamingdemo/VideoStreamingDemoApplication.class]
18:13:01.758 [Test worker] INFO org.springframework.boot.test.context.SpringBootTestContextBootstrapper - Found @SpringBootConfiguration com.oj.videostreamingdemo.VideoStreamingDemoApplication for test class com.oj.videostreamingdemo.VideoStreamingDemoApplicationTests
18:13:01.792 [Test worker] DEBUG org.springframework.boot.test.context.SpringBootTestContextBootstrapper - @TestExecutionListeners is not present for class [com.oj.videostreamingdemo.VideoStreamingDemoApplicationTests]: using defaults.
18:13:01.792 [Test worker] INFO org.springframework.boot.test.context.SpringBootTestContextBootstrapper - Loaded default TestExecutionListener class names from location [META-INF/spring.factories]: [org.springframework.boot.test.autoconfigure.restdocs.RestDocsTestExecutionListener, org.springframework.boot.test.autoconfigure.web.client.MockRestServiceServerResetTestExecutionListener, org.springframework.boot.test.autoconfigure.web.servlet.MockMvcPrintOnlyOnFailureTestExecutionListener, org.springframework.boot.test.autoconfigure.web.servlet.WebDriverTestExecutionListener, org.springframework.boot.test.autoconfigure.webservices.client.MockWebServiceServerTestExecutionListener, org.springframework.boot.test.mock.mockito.MockitoTestExecutionListener, org.springframework.boot.test.mock.mockito.ResetMocksTestExecutionListener, org.springframework.test.context.web.ServletTestExecutionListener, org.springframework.test.context.support.DirtiesContextBeforeModesTestExecutionListener, org.springframework.test.context.event.ApplicationEventsTestExecutionListener, org.springframework.test.context.support.DependencyInjectionTestExecutionListener, org.springframework.test.context.support.DirtiesContextTestExecutionListener, org.springframework.test.context.transaction.TransactionalTestExecutionListener, org.springframework.test.context.jdbc.SqlScriptsTestExecutionListener, org.springframework.test.context.event.EventPublishingTestExecutionListener]
18:13:01.799 [Test worker] INFO org.springframework.boot.test.context.SpringBootTestContextBootstrapper - Using TestExecutionListeners: [org.springframework.test.context.web.ServletTestExecutionListener@14f5da2c, org.springframework.test.context.support.DirtiesContextBeforeModesTestExecutionListener@12dae582, org.springframework.test.context.event.ApplicationEventsTestExecutionListener@239b0f9d, org.springframework.boot.test.mock.mockito.MockitoTestExecutionListener@619bfe29, org.springframework.boot.test.autoconfigure.SpringBootDependencyInjectionTestExecutionListener@5b057c8c, org.springframework.test.context.support.DirtiesContextTestExecutionListener@1eb6749b, org.springframework.test.context.transaction.TransactionalTestExecutionListener@652a7737, org.springframework.test.context.jdbc.SqlScriptsTestExecutionListener@5b7ea70d, org.springframework.test.context.event.EventPublishingTestExecutionListener@2bef51f2, org.springframework.boot.test.autoconfigure.restdocs.RestDocsTestExecutionListener@650eab8, org.springframework.boot.test.autoconfigure.web.client.MockRestServiceServerResetTestExecutionListener@30f5a68a, org.springframework.boot.test.autoconfigure.web.servlet.MockMvcPrintOnlyOnFailureTestExecutionListener@1e1d3956, org.springframework.boot.test.autoconfigure.web.servlet.WebDriverTestExecutionListener@4f2c9ba6, org.springframework.boot.test.autoconfigure.webservices.client.MockWebServiceServerTestExecutionListener@4e28bdd1, org.springframework.boot.test.mock.mockito.ResetMocksTestExecutionListener@53f48368]
18:13:01.800 [Test worker] DEBUG org.springframework.test.context.support.AbstractDirtiesContextTestExecutionListener - Before test class: context [DefaultTestContext@75e01201 testClass = VideoStreamingDemoApplicationTests, testInstance = [null], testMethod = [null], testException = [null], mergedContextConfiguration = [WebMergedContextConfiguration@2783717b testClass = VideoStreamingDemoApplicationTests, locations = '{}', classes = '{class com.oj.videostreamingdemo.VideoStreamingDemoApplication}', contextInitializerClasses = '[]', activeProfiles = '{}', propertySourceLocations = '{}', propertySourceProperties = '{org.springframework.boot.test.context.SpringBootTestContextBootstrapper=true}', contextCustomizers = set[org.springframework.boot.test.autoconfigure.actuate.metrics.MetricsExportContextCustomizerFactory$DisableMetricExportContextCustomizer@5f354bcf, org.springframework.boot.test.autoconfigure.properties.PropertyMappingContextCustomizer@0, org.springframework.boot.test.autoconfigure.web.servlet.WebDriverContextCustomizerFactory$Customizer@130e116b, org.springframework.boot.test.context.filter.ExcludeFilterContextCustomizer@363a52f, org.springframework.boot.test.json.DuplicateJsonObjectContextCustomizerFactory$DuplicateJsonObjectContextCustomizer@5f9be66c, org.springframework.boot.test.mock.mockito.MockitoContextCustomizer@0, org.springframework.boot.test.web.client.TestRestTemplateContextCustomizer@13ad5cd3, org.springframework.boot.test.context.SpringBootTestArgs@1, org.springframework.boot.test.context.SpringBootTestWebEnvironment@63070bab], resourceBasePath = 'src/main/webapp', contextLoader = 'org.springframework.boot.test.context.SpringBootContextLoader', parent = [null]], attributes = map['org.springframework.test.context.web.ServletTestExecutionListener.activateListener' -> true]], class annotated with @DirtiesContext [false] with mode [null].

  .   ____          _            __ _ _
 /\\ / ___'_ __ _ _(_)_ __  __ _ \ \ \ \
( ( )\___ | '_ | '_| | '_ \/ _` | \ \ \ \
 \\/  ___)| |_)| | | | | || (_| |  ) ) ) )
  '  |____| .__|_| |_|_| |_\__, | / / / /
 =========|_|==============|___/=/_/_/_/
 :: Spring Boot ::      (v2.7.11-SNAPSHOT)

2023-04-01 18:13:01.958  INFO 25774 --- [    Test worker] c.o.v.VideoStreamingDemoApplicationTests : Starting VideoStreamingDemoApplicationTests using Java 17.0.5 on gim-onjiui-noteubug.local with PID 25774 (started by kim-onji in /Users/kim-onji/IdeaProjects/video-streaming-demo)
2023-04-01 18:13:01.959  INFO 25774 --- [    Test worker] c.o.v.VideoStreamingDemoApplicationTests : The following 1 profile is active: "local"
2023-04-01 18:13:02.228  INFO 25774 --- [    Test worker] .s.d.r.c.RepositoryConfigurationDelegate : Bootstrapping Spring Data JPA repositories in DEFAULT mode.
2023-04-01 18:13:02.238  INFO 25774 --- [    Test worker] .s.d.r.c.RepositoryConfigurationDelegate : Finished Spring Data repository scanning in 6 ms. Found 0 JPA repository interfaces.
2023-04-01 18:13:02.453  INFO 25774 --- [    Test worker] o.hibernate.jpa.internal.util.LogHelper  : HHH000204: Processing PersistenceUnitInfo [name: default]
2023-04-01 18:13:02.479  INFO 25774 --- [    Test worker] org.hibernate.Version                    : HHH000412: Hibernate ORM core version 5.6.15.Final
2023-04-01 18:13:02.548  INFO 25774 --- [    Test worker] o.hibernate.annotations.common.Version   : HCANN000001: Hibernate Commons Annotations {5.1.2.Final}
2023-04-01 18:13:02.587  INFO 25774 --- [    Test worker] com.zaxxer.hikari.HikariDataSource       : HikariPool-1 - Starting...
2023-04-01 18:13:02.686  INFO 25774 --- [    Test worker] com.zaxxer.hikari.HikariDataSource       : HikariPool-1 - Start completed.
2023-04-01 18:13:02.700  INFO 25774 --- [    Test worker] org.hibernate.dialect.Dialect            : HHH000400: Using dialect: org.hibernate.dialect.H2Dialect
2023-04-01 18:13:02.785  INFO 25774 --- [    Test worker] o.h.e.t.j.p.i.JtaPlatformInitiator       : HHH000490: Using JtaPlatform implementation: [org.hibernate.engine.transaction.jta.platform.internal.NoJtaPlatform]
2023-04-01 18:13:02.788  INFO 25774 --- [    Test worker] j.LocalContainerEntityManagerFactoryBean : Initialized JPA EntityManagerFactory for persistence unit 'default'
2023-04-01 18:13:02.807  INFO 25774 --- [    Test worker] net.bramp.ffmpeg.RunProcessFunction      : /Users/kim-onji/IdeaProjects/video-streaming-demo/build/resources/main/ffmpeg/mac/ffmpeg -version
2023-04-01 18:13:02.930  WARN 25774 --- [    Test worker] JpaBaseConfiguration$JpaWebConfiguration : spring.jpa.open-in-view is enabled by default. Therefore, database queries may be performed during view rendering. Explicitly configure spring.jpa.open-in-view to disable this warning
2023-04-01 18:13:03.038  INFO 25774 --- [    Test worker] o.s.b.a.h2.H2ConsoleAutoConfiguration    : H2 console available at '/h2-console'. Database available at 'jdbc:h2:~/test'
2023-04-01 18:13:03.169  INFO 25774 --- [    Test worker] c.o.v.VideoStreamingDemoApplicationTests : Started VideoStreamingDemoApplicationTests in 1.352 seconds (JVM running for 1.81)
]]></system-out>
  <system-err><![CDATA[]]></system-err>
</testsuite>
