<?xml version="1.0" encoding="UTF-8"?>
<testsuite name="ffmpeg config 테스트" tests="2" skipped="0" failures="0" errors="0" timestamp="2023-04-01T09:13:03" hostname="gim-onjiui-noteubug.local" time="0.005">
  <properties/>
  <testcase name="ffprobe 빈 정상 생성" classname="com.oj.videostreamingdemo.global.config.FFmpegConfigTest" time="0.003"/>
  <testcase name="ffmpeg 빈 정상 생성" classname="com.oj.videostreamingdemo.global.config.FFmpegConfigTest" time="0.001"/>
  <system-out><![CDATA[2023-04-01 18:13:03.290  INFO 25774 --- [    Test worker] .b.t.c.SpringBootTestContextBootstrapper : Neither @ContextConfiguration nor @ContextHierarchy found for test class [com.oj.videostreamingdemo.global.config.FFmpegConfigTest], using SpringBootContextLoader
2023-04-01 18:13:03.290  INFO 25774 --- [    Test worker] o.s.t.c.support.AbstractContextLoader    : Could not detect default resource locations for test class [com.oj.videostreamingdemo.global.config.FFmpegConfigTest]: no resource found for suffixes {-context.xml, Context.groovy}.
2023-04-01 18:13:03.290  INFO 25774 --- [    Test worker] t.c.s.AnnotationConfigContextLoaderUtils : Could not detect default configuration classes for test class [com.oj.videostreamingdemo.global.config.FFmpegConfigTest]: FFmpegConfigTest does not declare any static, non-private, non-final, nested classes annotated with @Configuration.
2023-04-01 18:13:03.296  INFO 25774 --- [    Test worker] .b.t.c.SpringBootTestContextBootstrapper : Found @SpringBootConfiguration com.oj.videostreamingdemo.VideoStreamingDemoApplication for test class com.oj.videostreamingdemo.global.config.FFmpegConfigTest
2023-04-01 18:13:03.297  INFO 25774 --- [    Test worker] .b.t.c.SpringBootTestContextBootstrapper : Loaded default TestExecutionListener class names from location [META-INF/spring.factories]: [org.springframework.boot.test.autoconfigure.restdocs.RestDocsTestExecutionListener, org.springframework.boot.test.autoconfigure.web.client.MockRestServiceServerResetTestExecutionListener, org.springframework.boot.test.autoconfigure.web.servlet.MockMvcPrintOnlyOnFailureTestExecutionListener, org.springframework.boot.test.autoconfigure.web.servlet.WebDriverTestExecutionListener, org.springframework.boot.test.autoconfigure.webservices.client.MockWebServiceServerTestExecutionListener, org.springframework.boot.test.mock.mockito.MockitoTestExecutionListener, org.springframework.boot.test.mock.mockito.ResetMocksTestExecutionListener, org.springframework.test.context.web.ServletTestExecutionListener, org.springframework.test.context.support.DirtiesContextBeforeModesTestExecutionListener, org.springframework.test.context.event.ApplicationEventsTestExecutionListener, org.springframework.test.context.support.DependencyInjectionTestExecutionListener, org.springframework.test.context.support.DirtiesContextTestExecutionListener, org.springframework.test.context.transaction.TransactionalTestExecutionListener, org.springframework.test.context.jdbc.SqlScriptsTestExecutionListener, org.springframework.test.context.event.EventPublishingTestExecutionListener]
2023-04-01 18:13:03.297  INFO 25774 --- [    Test worker] .b.t.c.SpringBootTestContextBootstrapper : Using TestExecutionListeners: [org.springframework.test.context.web.ServletTestExecutionListener@510a2c7, org.springframework.test.context.support.DirtiesContextBeforeModesTestExecutionListener@14fe085b, org.springframework.test.context.event.ApplicationEventsTestExecutionListener@1ea19c97, org.springframework.boot.test.mock.mockito.MockitoTestExecutionListener@525b9df4, org.springframework.boot.test.autoconfigure.SpringBootDependencyInjectionTestExecutionListener@52dd1be2, org.springframework.test.context.support.DirtiesContextTestExecutionListener@36857d32, org.springframework.test.context.transaction.TransactionalTestExecutionListener@24520a51, org.springframework.test.context.jdbc.SqlScriptsTestExecutionListener@2ae88712, org.springframework.test.context.event.EventPublishingTestExecutionListener@10508ba6, org.springframework.boot.test.autoconfigure.restdocs.RestDocsTestExecutionListener@da11873, org.springframework.boot.test.autoconfigure.web.client.MockRestServiceServerResetTestExecutionListener@39159b14, org.springframework.boot.test.autoconfigure.web.servlet.MockMvcPrintOnlyOnFailureTestExecutionListener@57ab4b33, org.springframework.boot.test.autoconfigure.web.servlet.WebDriverTestExecutionListener@43b2e7db, org.springframework.boot.test.autoconfigure.webservices.client.MockWebServiceServerTestExecutionListener@46d51d5e, org.springframework.boot.test.mock.mockito.ResetMocksTestExecutionListener@530df3ab]

  .   ____          _            __ _ _
 /\\ / ___'_ __ _ _(_)_ __  __ _ \ \ \ \
( ( )\___ | '_ | '_| | '_ \/ _` | \ \ \ \
 \\/  ___)| |_)| | | | | || (_| |  ) ) ) )
  '  |____| .__|_| |_|_| |_\__, | / / / /
 =========|_|==============|___/=/_/_/_/
 :: Spring Boot ::      (v2.7.11-SNAPSHOT)

2023-04-01 18:13:03.482  WARN 25774 --- [    Test worker] JpaBaseConfiguration$JpaWebConfiguration : spring.jpa.open-in-view is enabled by default. Therefore, database queries may be performed during view rendering. Explicitly configure spring.jpa.open-in-view to disable this warning
]]></system-out>
  <system-err><![CDATA[]]></system-err>
</testsuite>
